<?xml version="1.0" encoding="UTF-8"?>
<testExecutions version="1">
  <file path="D:\ZeMoSo Internship\React\Blinkist\storybook-react\src\components\atoms\Button\Button.test.tsx">
    <testCase name="Button Test Button with start icon and text" duration="102"/>
    <testCase name="Button Test Button with end icon and text" duration="32"/>
    <testCase name="Button Test Button with Text" duration="18"/>
  </file>
  <file path="D:\ZeMoSo Internship\React\Blinkist\storybook-react\src\components\molecules\FooterNav\index.test.tsx">
    <testCase name="Footer Nav Test Editorial test" duration="44"/>
    <testCase name="Footer Nav Test Useful links test" duration="10"/>
    <testCase name="Footer Nav Test Company test" duration="7"/>
  </file>
  <file path="D:\ZeMoSo Internship\React\Blinkist\storybook-react\src\components\molecules\SearchBar\index.test.tsx">
    <testCase name="Search bar test Search bar" duration="39"/>
  </file>
  <file path="D:\ZeMoSo Internship\React\Blinkist\storybook-react\src\components\molecules\IconAndText\index.test.tsx">
    <testCase name="Icon And Text test User test" duration="63"/>
  </file>
  <file path="D:\ZeMoSo Internship\React\Blinkist\storybook-react\src\components\molecules\Dropdown\index.test.tsx">
    <testCase name="Dropdown test Explore dropdown test" duration="47"/>
    <testCase name="Dropdown test Account dropdown test" duration="7"/>
  </file>
  <file path="D:\ZeMoSo Internship\React\Blinkist\storybook-react\src\components\atoms\Icon\index.test.tsx">
    <testCase name="Display logo Should display logo" duration="38"/>
  </file>
  <file path="D:\ZeMoSo Internship\React\Blinkist\storybook-react\src\components\molecules\Tabs\index.test.tsx">
    <testCase name="Tabs Test" duration="73"/>
  </file>
  <file path="D:\ZeMoSo Internship\React\Blinkist\storybook-react\src\components\atoms\IconButton\index.test.tsx">
    <testCase name="Icon Button Test Checking for search icon" duration="55"/>
    <testCase name="Icon Button Test Checking for dropdown icon" duration="17"/>
  </file>
  <file path="D:\ZeMoSo Internship\React\Blinkist\storybook-react\src\components\molecules\Banner\index.test.tsx">
    <testCase name="Banner test Banner checking" duration="17"/>
  </file>
</testExecutions>